{"/Users/andreibolonin/projects/WMF/wvui/src/components/button/Button.vue": {"path":"/Users/andreibolonin/projects/WMF/wvui/src/components/button/Button.vue","statementMap":{"0":{"start":{"line":16,"column":0},"end":{"line":16,"column":null}},"1":{"start":{"line":26,"column":0},"end":{"line":26,"column":null}}},"fnMap":{"0":{"name":"(anonymous_2)","decl":{"start":{"line":15,"column":0},"end":{"line":15,"column":null}},"loc":{"start":{"line":15,"column":0},"end":{"line":17,"column":null}}},"1":{"name":"(anonymous_3)","decl":{"start":{"line":25,"column":0},"end":{"line":25,"column":null}},"loc":{"start":{"line":25,"column":0},"end":{"line":29,"column":null}}}},"branchMap":{},"s":{"0":1,"1":3},"f":{"0":1,"1":3},"b":{}}
}
